Traceback (most recent call last):
  File "/Users/glupyan/anaconda3/envs/jupyter/lib/python3.9/site-packages/jupyter_cache/executors/utils.py", line 51, in single_nb_execution
    executenb(
  File "/Users/glupyan/anaconda3/envs/jupyter/lib/python3.9/site-packages/nbclient/client.py", line 1112, in execute
    return NotebookClient(nb=nb, resources=resources, km=km, **kwargs).execute()
  File "/Users/glupyan/anaconda3/envs/jupyter/lib/python3.9/site-packages/nbclient/util.py", line 74, in wrapped
    return just_run(coro(*args, **kwargs))
  File "/Users/glupyan/anaconda3/envs/jupyter/lib/python3.9/site-packages/nbclient/util.py", line 53, in just_run
    return loop.run_until_complete(coro)
  File "/Users/glupyan/anaconda3/envs/jupyter/lib/python3.9/asyncio/base_events.py", line 642, in run_until_complete
    return future.result()
  File "/Users/glupyan/anaconda3/envs/jupyter/lib/python3.9/site-packages/nbclient/client.py", line 553, in async_execute
    await self.async_execute_cell(
  File "/Users/glupyan/anaconda3/envs/jupyter/lib/python3.9/site-packages/nbclient/client.py", line 857, in async_execute_cell
    self._check_raise_for_error(cell, exec_reply)
  File "/Users/glupyan/anaconda3/envs/jupyter/lib/python3.9/site-packages/nbclient/client.py", line 760, in _check_raise_for_error
    raise CellExecutionError.from_cell_and_msg(cell, exec_reply_content)
nbclient.exceptions.CellExecutionError: An error occurred while executing the following cell:
------------------
import random
from psychopy import visual, core, event
from useful_functions import loadFiles, calculateRectangularCoordinates

win = visual.Window([900, 850], color="white", allowGUI=False, units='pix')
pics = loadFiles('stimuli', 'png', 'image', win)
numPics = len(pics.keys())
positions = calculateRectangularCoordinates(150, 150, numPics / 4, numPics / 5)
random.shuffle(positions)
mouse = event.Mouse(win=win)

done = visual.Circle(win,lineColor="orange",fillColor="orange",size=100,autoDraw=True)
doneText = visual.TextStim(win,text="Done",color="black",height=25)
doneText.setAutoDraw(True)
done.setPos((0,-320))
doneText.setPos((0,-320))


#keep going

#draw all the stims in their initial positions

#now allow user to move the stimuli and end by clicking on the orange button
------------------

[0;31m---------------------------------------------------------------------------[0m
[0;31mModuleNotFoundError[0m                       Traceback (most recent call last)
[0;32m<ipython-input-1-1383e7595904>[0m in [0;36m<module>[0;34m[0m
[1;32m      1[0m [0;32mimport[0m [0mrandom[0m[0;34m[0m[0;34m[0m[0m
[0;32m----> 2[0;31m [0;32mfrom[0m [0mpsychopy[0m [0;32mimport[0m [0mvisual[0m[0;34m,[0m [0mcore[0m[0;34m,[0m [0mevent[0m[0;34m[0m[0;34m[0m[0m
[0m[1;32m      3[0m [0;32mfrom[0m [0museful_functions[0m [0;32mimport[0m [0mloadFiles[0m[0;34m,[0m [0mcalculateRectangularCoordinates[0m[0;34m[0m[0;34m[0m[0m
[1;32m      4[0m [0;34m[0m[0m
[1;32m      5[0m [0mwin[0m [0;34m=[0m [0mvisual[0m[0;34m.[0m[0mWindow[0m[0;34m([0m[0;34m[[0m[0;36m900[0m[0;34m,[0m [0;36m850[0m[0;34m][0m[0;34m,[0m [0mcolor[0m[0;34m=[0m[0;34m"white"[0m[0;34m,[0m [0mallowGUI[0m[0;34m=[0m[0;32mFalse[0m[0;34m,[0m [0munits[0m[0;34m=[0m[0;34m'pix'[0m[0;34m)[0m[0;34m[0m[0;34m[0m[0m

[0;31mModuleNotFoundError[0m: No module named 'psychopy'
ModuleNotFoundError: No module named 'psychopy'

